<?xml version="1.0" encoding="UTF-8"?>
<!-- Generated by org.testng.reporters.JUnitReportReporter -->
<testsuite skipped="0" hostname="ATMECSINLT-033" name="com.atmecs.finakbooking.testscript.Login_Test" tests="1" failures="0" timestamp="30 Aug 2019 12:05:28 GMT" time="22.215" errors="0">
  <testcase name="logintest" time="22.215" classname="com.atmecs.finakbooking.testscript.Login_Test"/>
</testsuite> <!-- com.atmecs.finakbooking.testscript.Login_Test -->
